# JRE version: OpenJDK Runtime Environment (7.0_51) (build 1.7.0_51-b00)
# Java VM: OpenJDK 64-Bit Server VM (24.45-b08 mixed mode linux-amd64 compressed oops)
Heap
 PSYoungGen      total 95232K, used 26976K [0x00000000f5500000, 0x00000000fcd00000, 0x0000000100000000)
  eden space 74752K, 35% used [0x00000000f5500000,0x00000000f6f08148,0x00000000f9e00000)
  from space 20480K, 1% used [0x00000000fb900000,0x00000000fb950000,0x00000000fcd00000)
  to   space 24064K, 0% used [0x00000000f9e00000,0x00000000f9e00000,0x00000000fb580000)
 ParOldGen       total 71680K, used 23744K [0x00000000e0000000, 0x00000000e4600000, 0x00000000f5500000)
  object space 71680K, 33% used [0x00000000e0000000,0x00000000e17301f8,0x00000000e4600000)
 PSPermGen       total 80896K, used 41036K [0x00000000d5a00000, 0x00000000da900000, 0x00000000e0000000)
  object space 80896K, 50% used [0x00000000d5a00000,0x00000000d8213208,0x00000000da900000)
GC Heap History (10 events):
Event: 3237.858 GC heap before
{Heap before GC invocations=17 (full 0):
 PSYoungGen      total 105472K, used 85696K [0x00000000f5500000, 0x00000000fd780000, 0x0000000100000000)
  eden space 85504K, 100% used [0x00000000f5500000,0x00000000fa880000,0x00000000fa880000)
  from space 19968K, 0% used [0x00000000fc400000,0x00000000fc430000,0x00000000fd780000)
  to   space 24064K, 0% used [0x00000000fa880000,0x00000000fa880000,0x00000000fc000000)
 ParOldGen       total 81920K, used 50406K [0x00000000e0000000, 0x00000000e5000000, 0x00000000f5500000)
  object space 81920K, 61% used [0x00000000e0000000,0x00000000e3139af8,0x00000000e5000000)
 PSPermGen       total 40960K, used 40491K [0x00000000d5a00000, 0x00000000d8200000, 0x00000000e0000000)
  object space 40960K, 98% used [0x00000000d5a00000,0x00000000d818ae18,0x00000000d8200000)
Event: 3237.867 GC heap after
Heap after GC invocations=17 (full 0):
 PSYoungGen      total 99840K, used 17276K [0x00000000f5500000, 0x00000000fd980000, 0x0000000100000000)
  eden space 82432K, 0% used [0x00000000f5500000,0x00000000f5500000,0x00000000fa580000)
  from space 17408K, 99% used [0x00000000fa880000,0x00000000fb95f0e0,0x00000000fb980000)
  to   space 26624K, 0% used [0x00000000fbf80000,0x00000000fbf80000,0x00000000fd980000)
 ParOldGen       total 81920K, used 50446K [0x00000000e0000000, 0x00000000e5000000, 0x00000000f5500000)
  object space 81920K, 61% used [0x00000000e0000000,0x00000000e3143af8,0x00000000e5000000)
 PSPermGen       total 40960K, used 40491K [0x00000000d5a00000, 0x00000000d8200000, 0x00000000e0000000)
  object space 40960K, 98% used [0x00000000d5a00000,0x00000000d818ae18,0x00000000d8200000)
}
Event: 3265.138 GC heap before
{Heap before GC invocations=18 (full 0):
 PSYoungGen      total 99840K, used 99708K [0x00000000f5500000, 0x00000000fd980000, 0x0000000100000000)
  eden space 82432K, 100% used [0x00000000f5500000,0x00000000fa580000,0x00000000fa580000)
  from space 17408K, 99% used [0x00000000fa880000,0x00000000fb95f0e0,0x00000000fb980000)
  to   space 26624K, 0% used [0x00000000fbf80000,0x00000000fbf80000,0x00000000fd980000)
 ParOldGen       total 81920K, used 50446K [0x00000000e0000000, 0x00000000e5000000, 0x00000000f5500000)
  object space 81920K, 61% used [0x00000000e0000000,0x00000000e3143af8,0x00000000e5000000)
 PSPermGen       total 40960K, used 40497K [0x00000000d5a00000, 0x00000000d8200000, 0x00000000e0000000)
  object space 40960K, 98% used [0x00000000d5a00000,0x00000000d818c768,0x00000000d8200000)
Event: 3265.147 GC heap after
Heap after GC invocations=18 (full 0):
 PSYoungGen      total 102912K, used 352K [0x00000000f5500000, 0x00000000fd600000, 0x0000000100000000)
  eden space 79872K, 0% used [0x00000000f5500000,0x00000000f5500000,0x00000000fa300000)
  from space 23040K, 1% used [0x00000000fbf80000,0x00000000fbfd8000,0x00000000fd600000)
  to   space 26112K, 0% used [0x00000000fa300000,0x00000000fa300000,0x00000000fbc80000)
 ParOldGen       total 81920K, used 67472K [0x00000000e0000000, 0x00000000e5000000, 0x00000000f5500000)
  object space 81920K, 82% used [0x00000000e0000000,0x00000000e41e4000,0x00000000e5000000)
 PSPermGen       total 40960K, used 40497K [0x00000000d5a00000, 0x00000000d8200000, 0x00000000e0000000)
  object space 40960K, 98% used [0x00000000d5a00000,0x00000000d818c768,0x00000000d8200000)
}
Event: 3265.147 GC heap before
{Heap before GC invocations=19 (full 1):
 PSYoungGen      total 102912K, used 352K [0x00000000f5500000, 0x00000000fd600000, 0x0000000100000000)
  eden space 79872K, 0% used [0x00000000f5500000,0x00000000f5500000,0x00000000fa300000)
  from space 23040K, 1% used [0x00000000fbf80000,0x00000000fbfd8000,0x00000000fd600000)
  to   space 26112K, 0% used [0x00000000fa300000,0x00000000fa300000,0x00000000fbc80000)
 ParOldGen       total 81920K, used 67472K [0x00000000e0000000, 0x00000000e5000000, 0x00000000f5500000)
  object space 81920K, 82% used [0x00000000e0000000,0x00000000e41e4000,0x00000000e5000000)
 PSPermGen       total 40960K, used 40497K [0x00000000d5a00000, 0x00000000d8200000, 0x00000000e0000000)
  object space 40960K, 98% used [0x00000000d5a00000,0x00000000d818c768,0x00000000d8200000)
Event: 3265.285 GC heap after
Heap after GC invocations=19 (full 1):
 PSYoungGen      total 102912K, used 0K [0x00000000f5500000, 0x00000000fd600000, 0x0000000100000000)
  eden space 79872K, 0% used [0x00000000f5500000,0x00000000f5500000,0x00000000fa300000)
  from space 23040K, 0% used [0x00000000fbf80000,0x00000000fbf80000,0x00000000fd600000)
  to   space 26112K, 0% used [0x00000000fa300000,0x00000000fa300000,0x00000000fbc80000)
 ParOldGen       total 71680K, used 23683K [0x00000000e0000000, 0x00000000e4600000, 0x00000000f5500000)
  object space 71680K, 33% used [0x00000000e0000000,0x00000000e1720d88,0x00000000e4600000)
 PSPermGen       total 80896K, used 40377K [0x00000000d5a00000, 0x00000000da900000, 0x00000000e0000000)
  object space 80896K, 49% used [0x00000000d5a00000,0x00000000d816e770,0x00000000da900000)
}
Event: 3281.210 GC heap before
{Heap before GC invocations=20 (full 1):
 PSYoungGen      total 102912K, used 79872K [0x00000000f5500000, 0x00000000fd600000, 0x0000000100000000)
  eden space 79872K, 100% used [0x00000000f5500000,0x00000000fa300000,0x00000000fa300000)
  from space 23040K, 0% used [0x00000000fbf80000,0x00000000fbf80000,0x00000000fd600000)
  to   space 26112K, 0% used [0x00000000fa300000,0x00000000fa300000,0x00000000fbc80000)
 ParOldGen       total 71680K, used 23683K [0x00000000e0000000, 0x00000000e4600000, 0x00000000f5500000)
  object space 71680K, 33% used [0x00000000e0000000,0x00000000e1720d88,0x00000000e4600000)
 PSPermGen       total 80896K, used 40413K [0x00000000d5a00000, 0x00000000da900000, 0x00000000e0000000)
  object space 80896K, 49% used [0x00000000d5a00000,0x00000000d8177460,0x00000000da900000)
Event: 3281.217 GC heap after
Heap after GC invocations=20 (full 1):
 PSYoungGen      total 77824K, used 224K [0x00000000f5500000, 0x00000000fd180000, 0x0000000100000000)
  eden space 77312K, 0% used [0x00000000f5500000,0x00000000f5500000,0x00000000fa080000)
  from space 512K, 43% used [0x00000000fa300000,0x00000000fa338000,0x00000000fa380000)
  to   space 25088K, 0% used [0x00000000fb900000,0x00000000fb900000,0x00000000fd180000)
 ParOldGen       total 71680K, used 23683K [0x00000000e0000000, 0x00000000e4600000, 0x00000000f5500000)
  object space 71680K, 33% used [0x00000000e0000000,0x00000000e1720d88,0x00000000e4600000)
 PSPermGen       total 80896K, used 40413K [0x00000000d5a00000, 0x00000000da900000, 0x00000000e0000000)
  object space 80896K, 49% used [0x00000000d5a00000,0x00000000d8177460,0x00000000da900000)
}
Event: 3339.766 GC heap before
{Heap before GC invocations=21 (full 1):
 PSYoungGen      total 77824K, used 77536K [0x00000000f5500000, 0x00000000fd180000, 0x0000000100000000)
  eden space 77312K, 100% used [0x00000000f5500000,0x00000000fa080000,0x00000000fa080000)
  from space 512K, 43% used [0x00000000fa300000,0x00000000fa338000,0x00000000fa380000)
  to   space 25088K, 0% used [0x00000000fb900000,0x00000000fb900000,0x00000000fd180000)
 ParOldGen       total 71680K, used 23683K [0x00000000e0000000, 0x00000000e4600000, 0x00000000f5500000)
  object space 71680K, 33% used [0x00000000e0000000,0x00000000e1720d88,0x00000000e4600000)
 PSPermGen       total 80896K, used 40425K [0x00000000d5a00000, 0x00000000da900000, 0x00000000e0000000)
  object space 80896K, 49% used [0x00000000d5a00000,0x00000000d817a698,0x00000000da900000)
Event: 3339.771 GC heap after
Heap after GC invocations=21 (full 1):
 PSYoungGen      total 95232K, used 320K [0x00000000f5500000, 0x00000000fcd00000, 0x0000000100000000)
  eden space 74752K, 0% used [0x00000000f5500000,0x00000000f5500000,0x00000000f9e00000)
  from space 20480K, 1% used [0x00000000fb900000,0x00000000fb950000,0x00000000fcd00000)
  to   space 24064K, 0% used [0x00000000f9e00000,0x00000000f9e00000,0x00000000fb580000)
 ParOldGen       total 71680K, used 23744K [0x00000000e0000000, 0x00000000e4600000, 0x00000000f5500000)
  object space 71680K, 33% used [0x00000000e0000000,0x00000000e17301f8,0x00000000e4600000)
 PSPermGen       total 80896K, used 40425K [0x00000000d5a00000, 0x00000000da900000, 0x00000000e0000000)
  object space 80896K, 49% used [0x00000000d5a00000,0x00000000d817a698,0x00000000da900000)
}

